Европа
Европе
Европой
Европу
Европы
Австралия
Океания
Австралия и Океания
Австралия
Австралией
Австралии
Австралию
Америка
Америке
Америки
Америкой
Америку
Северная Америка
Вест-Индия (Карибы)
Вест-Индия
Карибы
Южная Америка
Азия
Азией
Азии
Азию
Африка
Африке
Африки
Африкой
Африку
Антарктида
Арктика
Арктике
Арктики
Арктикой
Арктику
АМЕРИКА
АМЕРИКЕ
АМЕРИКИ
АМЕРИКОЙ
АМЕРИКУ
АРКТИКА
АРКТИКЕ
АРКТИКИ
АРКТИКОЙ
АРКТИКУ
АФРИКА
АФРИКЕ
АФРИКИ
АФРИКОЙ
АФРИКУ
АВСТРАЛИЕЙ
АВСТРАЛИИ
АВСТРАЛИЮ
АВСТРАЛИЯ
АЗИЕЙ
АЗИИ
АЗИЮ
АЗИЯ
ЕВРОПА
ЕВРОПЕ
ЕВРОПОЙ
ЕВРОПУ
ЕВРОПЫ

