АВГУСТ
АПРЕЛЬ
Август
Апрель
ДЕКАБРЬ
Декабрь
ИЮЛЬ
ИЮНЬ
Июль
Июнь
МАЙ
МАРТ
Май
Март
НОЯБРЬ
Ноябрь
ОКТЯБРЬ
Октябрь
СЕНТЯБРЬ
Сентябрь
ФЕВРАЛЬ
Февраль
ЯНВАРЕ
ЯНВАРЕЙ
ЯНВАРЕМ
ЯНВАРИ
ЯНВАРЬ
ЯНВАРЮ
ЯНВАРЯ
ЯНВАРЯМ
ЯНВАРЯМИ
ЯНВАРЯХ
Январе
Январей
Январем
Январи
Январь
Январю
Января
Январям
Январями
Январях
август
апрель
декабрь
июль
июнь
май
март
ноябрь
октябрь
сентябрь
февраль
январе
январей
январем
январи
январь
январю
января
январям
январями
январях
