Новой народной армии
Новой народной армии Филиппин
TAME
ВГТРК
авиакомпания TAME
Авиакомпания TAME
Аль-Каиды
IRNA
ВЦИОМ
Credit Agricole Indosuez
ISI
Пакистанская разведка ISI
Xinhua
НАСА
ООН
ТВ-6
ФБР
ФСБ
НАО
НАТО
ЦРУ
ОПЕК
ПАСЕ
МВФ
ИТАР-ТАСС
ЮНЕСКО
ФИФА
НАСА
УЕФА
Национальная армия освобождении
Моссад
Моссада
Моссаде
Моссадом
Моссаду
Евросоюз
Евросоюза
Евросоюзе
Евросоюзом
Евросоюзу
ЕС
Пентагон
Пентагона
Пентагоне
Пентагоном
Пентагону
Аббас
Аббаса
Аббасе
Аббасом
Аббасу
Хезболлах
МОССАД
МОССАДА
МОССАДЕ
МОССАДОМ
МОССАДУ
ЕВРОСОЮЗ
ЕВРОСОЮЗА
ЕВРОСОЮЗЕ
ЕВРОСОЮЗОМ
ЕВРОСОЮЗУ
ПЕНТАГОН
ПЕНТАГОНА
ПЕНТАГОНЕ
ПЕНТАГОНОМ
ПЕНТАГОНУ
АББАС
АББАСА
АББАСЕ
АББАСОМ
АББАСУ
ХЕЗБОЛЛАХ
