Михаил Михайлович Касьянов 
Алексей Васильевич Гордеев 
Алексей Леонидович Кудрин 
Виктор Борисович Христенко 
Борис Сергеевич Алешин 
Галина Николаевна Карелова 
Игорь Иванович Шувалов 
Виталий Григорьевич Артюхов 
Геннадий Иванович Букаев 
Фарит Рафикович Газизуллин 
Герман Оскарович Греф 
Борис Вячеславович Грызлов 
Владимир Васильевич Елагин 
Игорь Сергеевич Иванов 
Сергей Борисович Иванов 
Илья Иосифович Клебанов 
Михаил Юрьевич Лесин 
Александр Петрович Починок 
Л. Д. Рейман 
Александр Юрьевич Румянцев 
Геннадий Матвеевич Фадеев 
Владимир Михайлович Филиппов 
Сергей Оттович Франк 
Юрий Яковлевич Чайка 
Михаил Ефимович Швыдкой 
Юрий Леонидович Шевченко 
Сергей Кужугетович Шойгу 
Илья Артурович Южанов 
Игорь Ханукович Юсуфов 
Владимир Юрьевич Зорин
