Доминика
Багами
Багамские острова
Индонезии
Антигуа
Барбуда
Барбадос
Белиз
Гайана
Ямайка
Доминика
Монтсеррат
Сент-Винсент
Гренадины
Сент-Киттс
Сент-Люсия
Тринидад
Суринам
Подмосковье
Дальневосточном федеральном округе
Дальневосточний федеральний округ
Корейскую Народно-Демократическую Республику
КНДР
Северной Кореи
Палестинской автономии
Шереметьево-1
Шереметьево-2
Шереметьево-3
Внуково
Домодедово
Конго
Либерия
Ливия
Сомали
Ирак
Киргизия
Таджикистан
Узбекистан
Бурунди
Коморские острова
Грузия
Молдавия