генерал
ефрейтор
матрос
старший матрос
младший сержант
сержант
старшина
старшина 1-й статьи
старшина 2-й статьи
главный старшина
главный корабельный старшина
прапорщик
старший прапорщик
мичман
старший мичман
младший лейтенант
лейтенант
старший лейтенант
капитан
капитан-лейтенант
майор
подполковник
полковник
капитан 1- го ранга
капитан 2 -го ранга
капитан 3- го ранга
генерал майор
генерал лейтенант
генерал полковник
маршал
генерал армии
контр адмирал
вице адмирал
Адмирал флота

